{
    "transactions": [
      "6e1129f66b6380be2d78fc9c94fd0745c383b118c8c52cbb413713b9491eeb97",
      "6e1129f66b6380be2d78fc9c94fd0745c383b118c8c52cbb413713b9491eeb97",
      "6e1129f66b6380be2d78fc9c94fd0745c383b118c8c52cbb413713b9491eeb97",
      "6e1129f66b6380be2d78fc9c94fd0745c383b118c8c52cbb413713b9491eeb97",
      "6e1129f66b6380be2d78fc9c94fd0745c383b118c8c52cbb413713b9491eeb97",
      "6e1129f66b6380be2d78fc9c94fd0745c383b118c8c52cbb413713b9491eeb97",
      "6e1129f66b6380be2d78fc9c94fd0745c383b118c8c52cbb413713b9491eeb97"
    ],
    "addresses": [
      "1NCsjvSYRTpZcK2y71H4zvdi4ja4SGyLvs",
      "1NCsjvSYRTpZcK2y71H4zvdi4ja4SGyLvs",
      "1NCsjvSYRTpZcK2y71H4zvdi4ja4SGyLvs",
      "1NCsjvSYRTpZcK2y71H4zvdi4ja4SGyLvs",
      "1NCsjvSYRTpZcK2y71H4zvdi4ja4SGyLvs",
      "1NCsjvSYRTpZcK2y71H4zvdi4ja4SGyLvs"
    ],
    "log": [
        "2016-10-31 05:55:05 ABC_Log: ABC_SpendSetMetadata called",
        "2016-10-31 05:55:05 ABC_Log: ABC_SpendSetMetadata called",
        "2016-10-31 05:55:05 ABC_Log: ABC_CurrencyToSatoshi called",
        "2016-10-31 05:55:05 ABC_Log: ABC_SpendNew called",
        "2016-10-31 05:55:05 ABC_Log: ABC_SpendSetFee called",
        "2016-10-31 05:55:05 ABC_Log: ABC_SpendAddAddress called",
        "2016-10-31 05:55:05 ABC_Log: ABC_SpendSetMetadata called",
        "2016-10-31 05:55:05 ABC_Log: ABC_SpendSetMetadata called",
        "2016-10-31 05:55:05 ABC_Log: ABC_SpendSetMetadata called",
        "2016-10-31 05:55:06 ABC_Log: ABC_CurrencyToSatoshi called",
        "2016-10-31 05:55:06 ABC_Log: ABC_SpendNew called",
        "2016-10-31 05:55:06 ABC_Log: ABC_SpendSetFee called",
        "2016-10-31 05:55:06 ABC_Log: ABC_SpendAddAddress called",
        "2016-10-31 05:55:06 ABC_Log: ABC_SpendSetMetadata called",
        "2016-10-31 05:55:06 ABC_Log: ABC_SpendSetMetadata called",
        "2016-10-31 05:55:06 ABC_Log: ABC_SpendSetMetadata called",
        "2016-10-31 05:55:06 ABC_Log: ABC_SpendNew called",
        "2016-10-31 05:55:06 ABC_Log: ABC_SpendSetFee called",
        "2016-10-31 05:55:06 ABC_Log: ABC_SpendAddAddress called",
        "2016-10-31 05:55:06 ABC_Log: ABC_SpendSetMetadata called",
        "2016-10-31 05:55:06 ABC_Log: ABC_SpendSetMetadata called",
        "2016-10-31 05:55:06 ABC_Log: ABC_SpendSetMetadata called",
        "2016-10-31 05:55:06 ABC_Log: Fee calculation started",
        "2016-10-31 05:55:06 ABC_Log: ABC_SpendGetFee called",
        "2016-10-31 05:55:06 ABC_Log: generalBitcoinFeeInfo: 1:100628, 2:75130, 3:59036, 4:56925, 5:54804",
        "2016-10-31 05:55:06 ABC_Log: Error 38 (Trying to send dust)",
        "  at abcd/spend/Outputs.cpp:87: outputsFinalize",
        "  at abcd/spend/Spend.cpp:343: makeTx",
        "  at abcd/spend/Spend.cpp:87: calculateFees",
        "2016-10-31 05:55:06 ABC_Log: Fee calculation ended",
        "2016-10-31 05:55:15 ABC_Log: ABC_CurrencyToSatoshi called",
        "2016-10-31 05:55:15 ABC_Log: ABC_SpendNew called",
        "2016-10-31 05:55:15 ABC_Log: ABC_SpendSetFee called",
        "2016-10-31 05:55:15 ABC_Log: ABC_SpendAddAddress called",
        "2016-10-31 05:55:15 ABC_Log: ABC_SpendSetMetadata called",
        "2016-10-31 05:55:15 ABC_Log: ABC_SpendSetMetadata called",
        "2016-10-31 05:55:15 ABC_Log: ABC_SpendSetMetadata called",
        "2016-10-31 05:55:16 ABC_Log: Fee calculation started",
        "2016-10-31 05:55:16 ABC_Log: ABC_SpendGetFee called",
        "2016-10-31 05:55:16 ABC_Log: generalBitcoinFeeInfo: 1:100628, 2:75130, 3:59036, 4:56925, 5:54804",
        "2016-10-31 05:55:16 ABC_Log: Fee calculation ended",
        "2016-10-31 05:55:16 ABC_Log: ABC_CurrencyToSatoshi called",
        "2016-10-31 05:55:16 ABC_Log: ABC_SpendNew called",
        "2016-10-31 05:55:16 ABC_Log: ABC_SpendSetFee called",
        "2016-10-31 05:55:16 ABC_Log: ABC_SpendAddAddress called",
        "2016-10-31 05:55:16 ABC_Log: ABC_SpendSetMetadata called",
        "2016-10-31 05:55:16 ABC_Log: ABC_SpendSetMetadata called",
        "2016-10-31 05:55:16 ABC_Log: ABC_SpendSetMetadata called",
        "2016-10-31 05:55:17 ABC_Log: ABC_CurrencyToSatoshi called",
        "2016-10-31 05:55:17 ABC_Log: ABC_SpendNew called",
        "2016-10-31 05:55:17 ABC_Log: ABC_SpendSetFee called",
        "2016-10-31 05:55:17 ABC_Log: ABC_SpendAddAddress called",
        "2016-10-31 05:55:17 ABC_Log: ABC_SpendSetMetadata called",
        "2016-10-31 05:55:17 ABC_Log: ABC_SpendSetMetadata called",
        "2016-10-31 05:55:17 ABC_Log: ABC_SpendSetMetadata called",
        "2016-10-31 05:55:17 ABC_Log: ABC_CurrencyToSatoshi called",
        "2016-10-31 05:55:17 ABC_Log: ABC_SpendNew called",
        "2016-10-31 05:55:17 ABC_Log: ABC_SpendSetFee called",
        "2016-10-31 05:55:17 ABC_Log: ABC_SpendAddAddress called",
        "2016-10-31 05:55:17 ABC_Log: ABC_SpendSetMetadata called",
        "2016-10-31 05:55:17 ABC_Log: ABC_SpendSetMetadata called",
        "2016-10-31 05:55:17 ABC_Log: ABC_SpendSetMetadata called",
        "2016-10-31 05:55:17 ABC_Log: Fee calculation started",
        "2016-10-31 05:55:17 ABC_Log: ABC_SpendGetFee called",
        "2016-10-31 05:55:17 ABC_Log: generalBitcoinFeeInfo: 1:100628, 2:75130, 3:59036, 4:56925, 5:54804",
        "2016-10-31 05:55:17 ABC_Log: Fee calculation ended",
        "2016-10-31 05:55:18 ABC_Log: Move data: leftThreshold, rightThreshold, leftSlide, slideWidth, = 759, 404, 397.19482, 126",
        "2016-10-31 05:55:18 ABC_Log: Move data: leftThreshold, rightThreshold, leftSlide, slideWidth, = 759, 404, 352.30737, 126",
        "2016-10-31 05:55:18 ABC_Log: Move data: leftThreshold, rightThreshold, leftSlide, slideWidth, = 759, 404, 309.5, 126",
        "2016-10-31 05:55:18 ABC_Log: Move data: leftThreshold, rightThreshold, leftSlide, slideWidth, = 759, 404, 215.88525, 126",
        "2016-10-31 05:55:18 ABC_Log: Move data: leftThreshold, rightThreshold, leftSlide, slideWidth, = 759, 404, 129.9574, 126",
        "2016-10-31 05:55:18 ABC_Log: Move data: leftThreshold, rightThreshold, leftSlide, slideWidth, = 759, 404, 17.638672, 126",
        "2016-10-31 05:55:18 ABC_Log: Move data: leftThreshold, rightThreshold, leftSlide, slideWidth, = 759, 404, -97.573364, 126",
        "2016-10-31 05:55:18 ABC_Log: Move data: leftThreshold, rightThreshold, leftSlide, slideWidth, = 759, 404, -106.0, 126",
        "2016-10-31 05:55:18 ABC_Log: ABC_SpendSetMetadata called",
        "2016-10-31 05:55:18 ABC_Log: SEND called",
        "2016-10-31 05:55:18 ABC_Log: Initiating SEND",
        "2016-10-31 05:55:19 ABC_Log: ABC_SpendSignTx called",
        "2016-10-31 05:55:19 ABC_Log: generalBitcoinFeeInfo: 1:100628, 2:75130, 3:59036, 4:56925, 5:54804"
    ]
}
